<?xml version="1.0" encoding="UTF-8"?>
<!-- Generated by org.testng.reporters.JUnitReportReporter -->
<testsuite hostname="AS" failures="0" tests="1" name="tests.LoginTest" time="2.719" errors="0" timestamp="2025-04-17T09:41:34 IST" skipped="0">
  <testcase classname="tests.LoginTest" name="validLoginTest" time="2.719"/>
</testsuite> <!-- tests.LoginTest -->
